This is pdfTeX, Version 3.141592653-2.6-1.40.22 (TeX Live 2021/NixOS.org) (preloaded format=pdflatex 2022.2.10)  17 DEC 2022 23:25
entering extended mode
 restricted \write18 enabled.
 %&-line parsing enabled.
**main.tex
(./main.tex
LaTeX2e <2020-10-01> patch level 4
L3 programming layer <2021-02-18>
(/nix/store/wgzkhxc19ycsvcd3bqk44vyyvyfy59nb-texlive-combined-full-2021.2021040
8/share/texmf/tex/latex/base/book.cls
Document Class: book 2020/04/10 v1.4m Standard LaTeX document class

(/nix/store/wgzkhxc19ycsvcd3bqk44vyyvyfy59nb-texlive-combined-full-2021.2021040
8/share/texmf/tex/latex/base/bk11.clo
File: bk11.clo 2020/04/10 v1.4m Standard LaTeX file (size option)
)
\c@part=\count179
\c@chapter=\count180
\c@section=\count181
\c@subsection=\count182
\c@subsubsection=\count183
\c@paragraph=\count184
\c@subparagraph=\count185
\c@figure=\count186
\c@table=\count187
\abovecaptionskip=\skip47
\belowcaptionskip=\skip48
\bibindent=\dimen138
) (./arquivos/pacotes.sty
(/nix/store/wgzkhxc19ycsvcd3bqk44vyyvyfy59nb-texlive-combined-full-2021.2021040
8/share/texmf/tex/latex/base/inputenc.sty
Package: inputenc 2020/08/01 v1.3d Input encoding file
\inpenc@prehook=\toks15
\inpenc@posthook=\toks16
))
(/nix/store/wgzkhxc19ycsvcd3bqk44vyyvyfy59nb-texlive-combined-full-2021.2021040
8/share/texmf/tex/generic/babel/babel.sty
Package: babel 2021/03/24 3.56 The Babel package

(/nix/store/wgzkhxc19ycsvcd3bqk44vyyvyfy59nb-texlive-combined-full-2021.2021040
8/share/texmf/tex/generic/babel/babel.def
File: babel.def 2021/03/24 3.56 Babel common definitions
\babel@savecnt=\count188
\U@D=\dimen139
\l@babelnohyphens=\language87

(/nix/store/wgzkhxc19ycsvcd3bqk44vyyvyfy59nb-texlive-combined-full-2021.2021040
8/share/texmf/tex/generic/babel/txtbabel.def)
\bbl@readstream=\read2
)
\bbl@dirlevel=\count189

(/nix/store/wgzkhxc19ycsvcd3bqk44vyyvyfy59nb-texlive-combined-full-2021.2021040
8/share/texmf/tex/generic/babel-portuges/brazilian.ldf
Language: portuges 2021/02/04 v1.2s Portuguese support from the babel system
Package babel Info: \l@brazilian = using hyphenrules for portuguese
(babel)             (\language70) on input line 111.
Package babel Info: Making " an active character on input line 143.
))
(/nix/store/wgzkhxc19ycsvcd3bqk44vyyvyfy59nb-texlive-combined-full-2021.2021040
8/share/texmf/tex/latex/l3backend/l3backend-pdftex.def
File: l3backend-pdftex.def 2021-03-18 L3 backend support: PDF output (pdfTeX)
\l__color_backend_stack_int=\count190
\l__pdf_internal_box=\box47
) (./main.aux)
\openout1 = `main.aux'.

LaTeX Font Info:    Checking defaults for OML/cmm/m/it on input line 6.
LaTeX Font Info:    ... okay on input line 6.
LaTeX Font Info:    Checking defaults for OMS/cmsy/m/n on input line 6.
LaTeX Font Info:    ... okay on input line 6.
LaTeX Font Info:    Checking defaults for OT1/cmr/m/n on input line 6.
LaTeX Font Info:    ... okay on input line 6.
LaTeX Font Info:    Checking defaults for T1/cmr/m/n on input line 6.
LaTeX Font Info:    ... okay on input line 6.
LaTeX Font Info:    Checking defaults for TS1/cmr/m/n on input line 6.
LaTeX Font Info:    ... okay on input line 6.
LaTeX Font Info:    Checking defaults for OMX/cmex/m/n on input line 6.
LaTeX Font Info:    ... okay on input line 6.
LaTeX Font Info:    Checking defaults for U/cmr/m/n on input line 6.
LaTeX Font Info:    ... okay on input line 6.

Cap\'{\i }tulo 1.
[1


{/nix/store/wgzkhxc19ycsvcd3bqk44vyyvyfy59nb-texlive-combined-full-2021.2021040
8/share/texmf-var/fonts/map/pdftex/updmap/pdftex.map}] [2

]
Cap\'{\i }tulo 2.
[3] [4

]
Cap\'{\i }tulo 3.
[5] (./main.aux) ) 
Here is how much of TeX's memory you used:
 1239 strings out of 478994
 20048 string characters out of 5829509
 322586 words of memory out of 5000000
 18777 multiletter control sequences out of 15000+600000
 406206 words of font info for 36 fonts, out of 8000000 for 9000
 1141 hyphenation exceptions out of 8191
 67i,5n,76p,148b,193s stack positions out of 5000i,500n,10000p,200000b,80000s
</nix/store/wgzkhxc19ycsvcd3bqk44vyyvyfy59nb-texlive-combined
-full-2021.20210408/share/texmf/fonts/type1/public/amsfonts/cm/cmbx12.pfb></nix
/store/wgzkhxc19ycsvcd3bqk44vyyvyfy59nb-texlive-combined-full-2021.20210408/sha
re/texmf/fonts/type1/public/amsfonts/cm/cmr10.pfb></nix/store/wgzkhxc19ycsvcd3b
qk44vyyvyfy59nb-texlive-combined-full-2021.20210408/share/texmf/fonts/type1/pub
lic/amsfonts/cm/cmsl10.pfb>
Output written on main.pdf (5 pages, 31089 bytes).
PDF statistics:
 32 PDF objects out of 1000 (max. 8388607)
 21 compressed objects within 1 object stream
 0 named destinations out of 1000 (max. 500000)
 1 words of extra memory for PDF output out of 10000 (max. 10000000)

